<?xml version="1.0" encoding="UTF-8"?>
<!-- Generated by org.testng.reporters.JUnitReportReporter -->
<testsuite hostname="cdc2-l-025420H" failures="0" tests="1" name="testNGPackage.Googlelaunch" time="9.070" errors="0" timestamp="30 Mar 2021 10:21:47 GMT">
  <testcase classname="testNGPackage.Googlelaunch" name="setup" time="9.070"/>
</testsuite> <!-- testNGPackage.Googlelaunch -->
